timeStamp,elapsed,label,responseCode,responseMessage,threadName,dataType,success,failureMessage,bytes,sentBytes,grpThreads,allThreads,URL,Latency,IdleTime,Connect
1646862482999,3017,HTTP Request,200,OK,Thread Group 1-1,text,true,,593,143,5,5,http://17645-team23.isri.cmu.edu:8080/recommend/1,3017,0,11
1646862483002,3062,HTTP Request,200,OK,Thread Group 1-4,text,true,,577,143,5,5,http://17645-team23.isri.cmu.edu:8080/recommend/1,3062,0,8
1646862483000,3146,HTTP Request,200,OK,Thread Group 1-3,text,true,,548,143,5,5,http://17645-team23.isri.cmu.edu:8080/recommend/1,3146,0,10
1646862482997,3399,HTTP Request,200,OK,Thread Group 1-2,text,true,,575,143,5,5,http://17645-team23.isri.cmu.edu:8080/recommend/1,3398,0,13
1646862483002,3575,HTTP Request,200,OK,Thread Group 1-5,text,true,,566,143,5,5,http://17645-team23.isri.cmu.edu:8080/recommend/1,3575,0,8
1646862486017,2883,HTTP Request,200,OK,Thread Group 1-1,text,true,,604,144,5,5,http://17645-team23.isri.cmu.edu:8080/recommend/10,2883,0,3
1646862486146,2838,HTTP Request,200,OK,Thread Group 1-3,text,true,,556,144,5,5,http://17645-team23.isri.cmu.edu:8080/recommend/10,2838,0,3
1646862486065,3429,HTTP Request,200,OK,Thread Group 1-4,text,true,,537,144,5,5,http://17645-team23.isri.cmu.edu:8080/recommend/10,3429,0,3
1646862486398,3650,HTTP Request,200,OK,Thread Group 1-2,text,true,,605,144,5,5,http://17645-team23.isri.cmu.edu:8080/recommend/10,3650,0,6
1646862486577,3473,HTTP Request,200,OK,Thread Group 1-5,text,true,,550,144,5,5,http://17645-team23.isri.cmu.edu:8080/recommend/10,3473,0,4
1646862488985,1931,HTTP Request,200,OK,Thread Group 1-3,text,true,,617,145,5,5,http://17645-team23.isri.cmu.edu:8080/recommend/100,1930,0,2
1646862488900,2030,HTTP Request,200,OK,Thread Group 1-1,text,true,,617,145,5,5,http://17645-team23.isri.cmu.edu:8080/recommend/100,2030,0,3
1646862489494,2060,HTTP Request,200,OK,Thread Group 1-4,text,true,,617,145,5,5,http://17645-team23.isri.cmu.edu:8080/recommend/100,2059,0,3
1646862490049,1554,HTTP Request,200,OK,Thread Group 1-2,text,true,,617,145,5,5,http://17645-team23.isri.cmu.edu:8080/recommend/100,1554,0,2
1646862490051,1695,HTTP Request,200,OK,Thread Group 1-5,text,true,,617,145,5,5,http://17645-team23.isri.cmu.edu:8080/recommend/100,1695,0,4
1646862490931,3182,HTTP Request,200,OK,Thread Group 1-1,text,true,,537,146,5,5,http://17645-team23.isri.cmu.edu:8080/recommend/1000,3182,0,4
1646862491602,2759,HTTP Request,200,OK,Thread Group 1-2,text,true,,632,146,5,5,http://17645-team23.isri.cmu.edu:8080/recommend/1000,2759,0,3
1646862490915,4050,HTTP Request,200,OK,Thread Group 1-3,text,true,,580,146,5,5,http://17645-team23.isri.cmu.edu:8080/recommend/1000,4050,0,3
1646862491555,3778,HTTP Request,200,OK,Thread Group 1-4,text,true,,612,146,5,5,http://17645-team23.isri.cmu.edu:8080/recommend/1000,3778,0,4
1646862491746,4196,HTTP Request,200,OK,Thread Group 1-5,text,true,,543,146,5,5,http://17645-team23.isri.cmu.edu:8080/recommend/1000,4196,0,2
1646862494362,2570,HTTP Request,200,OK,Thread Group 1-2,text,true,,534,147,5,5,http://17645-team23.isri.cmu.edu:8080/recommend/10000,2570,0,3
1646862494113,3406,HTTP Request,200,OK,Thread Group 1-1,text,true,,570,147,5,5,http://17645-team23.isri.cmu.edu:8080/recommend/10000,3406,0,3
1646862495335,2317,HTTP Request,200,OK,Thread Group 1-4,text,true,,579,147,5,5,http://17645-team23.isri.cmu.edu:8080/recommend/10000,2317,0,4
1646862495944,2815,HTTP Request,200,OK,Thread Group 1-5,text,true,,581,147,5,5,http://17645-team23.isri.cmu.edu:8080/recommend/10000,2815,0,3
1646862494966,4268,HTTP Request,200,OK,Thread Group 1-3,text,true,,545,147,5,5,http://17645-team23.isri.cmu.edu:8080/recommend/10000,4268,0,2
1646862496933,2945,HTTP Request,200,OK,Thread Group 1-2,text,true,,579,143,5,5,http://17645-team23.isri.cmu.edu:8080/recommend/1,2944,0,3
1646862497653,2568,HTTP Request,200,OK,Thread Group 1-4,text,true,,555,143,5,5,http://17645-team23.isri.cmu.edu:8080/recommend/1,2568,0,4
1646862497520,3810,HTTP Request,200,OK,Thread Group 1-1,text,true,,609,143,5,5,http://17645-team23.isri.cmu.edu:8080/recommend/1,3810,0,3
1646862498760,3078,HTTP Request,200,OK,Thread Group 1-5,text,true,,548,143,5,5,http://17645-team23.isri.cmu.edu:8080/recommend/1,3078,0,3
1646862499235,3638,HTTP Request,200,OK,Thread Group 1-3,text,true,,537,143,5,5,http://17645-team23.isri.cmu.edu:8080/recommend/1,3637,0,3
1646862499879,3919,HTTP Request,200,OK,Thread Group 1-2,text,true,,550,144,5,5,http://17645-team23.isri.cmu.edu:8080/recommend/10,3918,0,5
1646862500222,3592,HTTP Request,200,OK,Thread Group 1-4,text,true,,541,144,5,5,http://17645-team23.isri.cmu.edu:8080/recommend/10,3592,0,3
1646862502873,1127,HTTP Request,200,OK,Thread Group 1-3,text,true,,513,144,5,5,http://17645-team23.isri.cmu.edu:8080/recommend/10,1127,0,5
1646862501330,3412,HTTP Request,200,OK,Thread Group 1-1,text,true,,636,144,5,5,http://17645-team23.isri.cmu.edu:8080/recommend/10,3412,0,2
1646862501839,3311,HTTP Request,200,OK,Thread Group 1-5,text,true,,537,144,5,5,http://17645-team23.isri.cmu.edu:8080/recommend/10,3311,0,4
1646862503814,1428,HTTP Request,200,OK,Thread Group 1-4,text,true,,617,145,5,5,http://17645-team23.isri.cmu.edu:8080/recommend/100,1427,0,3
1646862504000,2123,HTTP Request,200,OK,Thread Group 1-3,text,true,,617,145,5,5,http://17645-team23.isri.cmu.edu:8080/recommend/100,2122,0,4
1646862503797,2460,HTTP Request,200,OK,Thread Group 1-2,text,true,,617,145,5,5,http://17645-team23.isri.cmu.edu:8080/recommend/100,2460,0,3
1646862505150,2264,HTTP Request,200,OK,Thread Group 1-5,text,true,,617,145,5,5,http://17645-team23.isri.cmu.edu:8080/recommend/100,2264,0,3
1646862504743,3078,HTTP Request,200,OK,Thread Group 1-1,text,true,,617,145,5,5,http://17645-team23.isri.cmu.edu:8080/recommend/100,3077,0,6
1646862505243,2937,HTTP Request,200,OK,Thread Group 1-4,text,true,,542,146,5,5,http://17645-team23.isri.cmu.edu:8080/recommend/1000,2936,0,5
1646862506258,2097,HTTP Request,200,OK,Thread Group 1-2,text,true,,595,146,5,5,http://17645-team23.isri.cmu.edu:8080/recommend/1000,2097,0,3
1646862506124,4581,HTTP Request,200,OK,Thread Group 1-3,text,true,,550,146,5,5,http://17645-team23.isri.cmu.edu:8080/recommend/1000,4581,0,5
1646862507415,3505,HTTP Request,200,OK,Thread Group 1-5,text,true,,638,146,5,5,http://17645-team23.isri.cmu.edu:8080/recommend/1000,3505,0,3
1646862508356,2726,HTTP Request,200,OK,Thread Group 1-2,text,true,,567,147,5,5,http://17645-team23.isri.cmu.edu:8080/recommend/10000,2726,0,3
1646862508181,2938,HTTP Request,200,OK,Thread Group 1-4,text,true,,628,147,4,4,http://17645-team23.isri.cmu.edu:8080/recommend/10000,2938,0,5
1646862507822,3362,HTTP Request,200,OK,Thread Group 1-1,text,true,,548,146,3,3,http://17645-team23.isri.cmu.edu:8080/recommend/1000,3362,0,2
1646862510706,1884,HTTP Request,200,OK,Thread Group 1-3,text,true,,558,147,3,3,http://17645-team23.isri.cmu.edu:8080/recommend/10000,1884,0,3
1646862510921,1774,HTTP Request,200,OK,Thread Group 1-5,text,true,,564,147,2,2,http://17645-team23.isri.cmu.edu:8080/recommend/10000,1773,0,3
1646862511184,1710,HTTP Request,200,OK,Thread Group 1-1,text,true,,514,147,1,1,http://17645-team23.isri.cmu.edu:8080/recommend/10000,1710,0,3
